# JRE version: OpenJDK Runtime Environment (17.0.9) (build 17.0.9+0--11185874)
# Java VM: OpenJDK 64-Bit Server VM (17.0.9+0--11185874, mixed mode, tiered, compressed oops, compressed class ptrs, g1 gc, windows-amd64)
GC Precious Log:
 CPUs: 16 total, 16 available
 Memory: 7563M
 Large Page Support: Disabled
 NUMA Support: Disabled
 Compressed Oops: Enabled (32-bit)
 Heap Region Size: 1M
 Heap Min Capacity: 8M
 Heap Initial Capacity: 120M
 Heap Max Capacity: 2G
 Pre-touch: Disabled
 Parallel Workers: 13
 Concurrent Workers: 3
 Concurrent Refinement Workers: 13
 Periodic GC: Disabled
Heap:
 garbage-first heap   total 167936K, used 112930K [0x0000000080000000, 0x0000000100000000)
  region size 1024K, 4 young (4096K), 4 survivors (4096K)
 Metaspace       used 105682K, committed 106432K, reserved 1179648K
  class space    used 14527K, committed 14912K, reserved 1048576K
GC Heap History (20 events):
Event: 23.124 GC heap after
{Heap after GC invocations=38 (full 0):
 garbage-first heap   total 154624K, used 88687K [0x0000000080000000, 0x0000000100000000)
  region size 1024K, 5 young (5120K), 5 survivors (5120K)
 Metaspace       used 92002K, committed 92672K, reserved 1179648K
  class space    used 12640K, committed 12992K, reserved 1048576K
}
Event: 23.963 GC heap before
{Heap before GC invocations=38 (full 0):
 garbage-first heap   total 154624K, used 127599K [0x0000000080000000, 0x0000000100000000)
  region size 1024K, 43 young (44032K), 5 survivors (5120K)
 Metaspace       used 94940K, committed 95616K, reserved 1179648K
  class space    used 13066K, committed 13376K, reserved 1048576K
}
Event: 23.969 GC heap after
{Heap after GC invocations=39 (full 0):
 garbage-first heap   total 154624K, used 90947K [0x0000000080000000, 0x0000000100000000)
  region size 1024K, 5 young (5120K), 5 survivors (5120K)
 Metaspace       used 94940K, committed 95616K, reserved 1179648K
  class space    used 13066K, committed 13376K, reserved 1048576K
}
Event: 24.803 GC heap before
{Heap before GC invocations=39 (full 0):
 garbage-first heap   total 154624K, used 128835K [0x0000000080000000, 0x0000000100000000)
  region size 1024K, 42 young (43008K), 5 survivors (5120K)
 Metaspace       used 98759K, committed 99520K, reserved 1179648K
  class space    used 13586K, committed 13952K, reserved 1048576K
}
Event: 24.810 GC heap after
{Heap after GC invocations=40 (full 0):
 garbage-first heap   total 154624K, used 92750K [0x0000000080000000, 0x0000000100000000)
  region size 1024K, 5 young (5120K), 5 survivors (5120K)
 Metaspace       used 98759K, committed 99520K, reserved 1179648K
  class space    used 13586K, committed 13952K, reserved 1048576K
}
Event: 25.203 GC heap before
{Heap before GC invocations=40 (full 0):
 garbage-first heap   total 154624K, used 114254K [0x0000000080000000, 0x0000000100000000)
  region size 1024K, 27 young (27648K), 5 survivors (5120K)
 Metaspace       used 99873K, committed 100608K, reserved 1179648K
  class space    used 13743K, committed 14144K, reserved 1048576K
}
Event: 25.209 GC heap after
{Heap after GC invocations=41 (full 0):
 garbage-first heap   total 154624K, used 94725K [0x0000000080000000, 0x0000000100000000)
  region size 1024K, 4 young (4096K), 4 survivors (4096K)
 Metaspace       used 99873K, committed 100608K, reserved 1179648K
  class space    used 13743K, committed 14144K, reserved 1048576K
}
Event: 25.772 GC heap before
{Heap before GC invocations=42 (full 0):
 garbage-first heap   total 167936K, used 132613K [0x0000000080000000, 0x0000000100000000)
  region size 1024K, 37 young (37888K), 4 survivors (4096K)
 Metaspace       used 102480K, committed 103296K, reserved 1179648K
  class space    used 13982K, committed 14400K, reserved 1048576K
}
Event: 25.780 GC heap after
{Heap after GC invocations=43 (full 0):
 garbage-first heap   total 167936K, used 98643K [0x0000000080000000, 0x0000000100000000)
  region size 1024K, 5 young (5120K), 5 survivors (5120K)
 Metaspace       used 102480K, committed 103296K, reserved 1179648K
  class space    used 13982K, committed 14400K, reserved 1048576K
}
Event: 25.864 GC heap before
{Heap before GC invocations=43 (full 0):
 garbage-first heap   total 167936K, used 101715K [0x0000000080000000, 0x0000000100000000)
  region size 1024K, 8 young (8192K), 5 survivors (5120K)
 Metaspace       used 102782K, committed 103552K, reserved 1179648K
  class space    used 14047K, committed 14464K, reserved 1048576K
}
Event: 25.870 GC heap after
{Heap after GC invocations=44 (full 0):
 garbage-first heap   total 167936K, used 98525K [0x0000000080000000, 0x0000000100000000)
  region size 1024K, 1 young (1024K), 1 survivors (1024K)
 Metaspace       used 102782K, committed 103552K, reserved 1179648K
  class space    used 14047K, committed 14464K, reserved 1048576K
}
Event: 26.579 GC heap before
{Heap before GC invocations=44 (full 0):
 garbage-first heap   total 167936K, used 138461K [0x0000000080000000, 0x0000000100000000)
  region size 1024K, 41 young (41984K), 1 survivors (1024K)
 Metaspace       used 104763K, committed 105536K, reserved 1179648K
  class space    used 14463K, committed 14848K, reserved 1048576K
}
Event: 26.585 GC heap after
{Heap after GC invocations=45 (full 0):
 garbage-first heap   total 167936K, used 104492K [0x0000000080000000, 0x0000000100000000)
  region size 1024K, 6 young (6144K), 6 survivors (6144K)
 Metaspace       used 104763K, committed 105536K, reserved 1179648K
  class space    used 14463K, committed 14848K, reserved 1048576K
}
Event: 26.770 GC heap before
{Heap before GC invocations=45 (full 0):
 garbage-first heap   total 167936K, used 137260K [0x0000000080000000, 0x0000000100000000)
  region size 1024K, 39 young (39936K), 6 survivors (6144K)
 Metaspace       used 104848K, committed 105664K, reserved 1179648K
  class space    used 14464K, committed 14848K, reserved 1048576K
}
Event: 26.776 GC heap after
{Heap after GC invocations=46 (full 0):
 garbage-first heap   total 167936K, used 106192K [0x0000000080000000, 0x0000000100000000)
  region size 1024K, 4 young (4096K), 4 survivors (4096K)
 Metaspace       used 104848K, committed 105664K, reserved 1179648K
  class space    used 14464K, committed 14848K, reserved 1048576K
}
Event: 27.348 GC heap before
{Heap before GC invocations=46 (full 0):
 garbage-first heap   total 167936K, used 136912K [0x0000000080000000, 0x0000000100000000)
  region size 1024K, 35 young (35840K), 4 survivors (4096K)
 Metaspace       used 105299K, committed 106112K, reserved 1179648K
  class space    used 14513K, committed 14912K, reserved 1048576K
}
Event: 27.354 GC heap after
{Heap after GC invocations=47 (full 0):
 garbage-first heap   total 167936K, used 109059K [0x0000000080000000, 0x0000000100000000)
  region size 1024K, 5 young (5120K), 5 survivors (5120K)
 Metaspace       used 105299K, committed 106112K, reserved 1179648K
  class space    used 14513K, committed 14912K, reserved 1048576K
}
Event: 27.573 GC heap before
{Heap before GC invocations=47 (full 0):
 garbage-first heap   total 167936K, used 137731K [0x0000000080000000, 0x0000000100000000)
  region size 1024K, 34 young (34816K), 5 survivors (5120K)
 Metaspace       used 105552K, committed 106368K, reserved 1179648K
  class space    used 14516K, committed 14912K, reserved 1048576K
}
Event: 27.578 GC heap after
{Heap after GC invocations=48 (full 0):
 garbage-first heap   total 167936K, used 111223K [0x0000000080000000, 0x0000000100000000)
  region size 1024K, 5 young (5120K), 5 survivors (5120K)
 Metaspace       used 105552K, committed 106368K, reserved 1179648K
  class space    used 14516K, committed 14912K, reserved 1048576K
}
Event: 27.763 GC heap before
{Heap before GC invocations=48 (full 0):
 garbage-first heap   total 167936K, used 136823K [0x0000000080000000, 0x0000000100000000)
  region size 1024K, 31 young (31744K), 5 survivors (5120K)
 Metaspace       used 105682K, committed 106432K, reserved 1179648K
  class space    used 14527K, committed 14912K, reserved 1048576K
}

