# JRE version: OpenJDK Runtime Environment (17.0.9) (build 17.0.9+0--11185874)
# Java VM: OpenJDK 64-Bit Server VM (17.0.9+0--11185874, mixed mode, tiered, compressed oops, compressed class ptrs, g1 gc, windows-amd64)
GC Precious Log:
 CPUs: 16 total, 16 available
 Memory: 7563M
 Large Page Support: Disabled
 NUMA Support: Disabled
 Compressed Oops: Enabled (32-bit)
 Heap Region Size: 1M
 Heap Min Capacity: 8M
 Heap Initial Capacity: 120M
 Heap Max Capacity: 2G
 Pre-touch: Disabled
 Parallel Workers: 13
 Concurrent Workers: 3
 Concurrent Refinement Workers: 13
 Periodic GC: Disabled
Heap:
 garbage-first heap   total 206848K, used 160564K [0x0000000080000000, 0x0000000100000000)
  region size 1024K, 6 young (6144K), 4 survivors (4096K)
 Metaspace       used 110445K, committed 111296K, reserved 1179648K
  class space    used 15004K, committed 15424K, reserved 1048576K
GC Heap History (20 events):
Event: 18.181 GC heap after
{Heap after GC invocations=37 (full 0):
 garbage-first heap   total 206848K, used 84909K [0x0000000080000000, 0x0000000100000000)
  region size 1024K, 12 young (12288K), 12 survivors (12288K)
 Metaspace       used 81335K, committed 81984K, reserved 1179648K
  class space    used 10939K, committed 11264K, reserved 1048576K
}
Event: 19.938 GC heap before
{Heap before GC invocations=37 (full 0):
 garbage-first heap   total 206848K, used 164781K [0x0000000080000000, 0x0000000100000000)
  region size 1024K, 90 young (92160K), 12 survivors (12288K)
 Metaspace       used 86817K, committed 87488K, reserved 1179648K
  class space    used 11844K, committed 12160K, reserved 1048576K
}
Event: 19.949 GC heap after
{Heap after GC invocations=38 (full 0):
 garbage-first heap   total 206848K, used 88002K [0x0000000080000000, 0x0000000100000000)
  region size 1024K, 4 young (4096K), 4 survivors (4096K)
 Metaspace       used 86817K, committed 87488K, reserved 1179648K
  class space    used 11844K, committed 12160K, reserved 1048576K
}
Event: 21.674 GC heap before
{Heap before GC invocations=38 (full 0):
 garbage-first heap   total 206848K, used 166850K [0x0000000080000000, 0x0000000100000000)
  region size 1024K, 81 young (82944K), 4 survivors (4096K)
 Metaspace       used 92816K, committed 93568K, reserved 1179648K
  class space    used 12750K, committed 13120K, reserved 1048576K
}
Event: 21.682 GC heap after
{Heap after GC invocations=39 (full 0):
 garbage-first heap   total 206848K, used 91305K [0x0000000080000000, 0x0000000100000000)
  region size 1024K, 7 young (7168K), 7 survivors (7168K)
 Metaspace       used 92816K, committed 93568K, reserved 1179648K
  class space    used 12750K, committed 13120K, reserved 1048576K
}
Event: 23.204 GC heap before
{Heap before GC invocations=39 (full 0):
 garbage-first heap   total 206848K, used 168105K [0x0000000080000000, 0x0000000100000000)
  region size 1024K, 83 young (84992K), 7 survivors (7168K)
 Metaspace       used 99219K, committed 100032K, reserved 1179648K
  class space    used 13661K, committed 14080K, reserved 1048576K
}
Event: 23.214 GC heap after
{Heap after GC invocations=40 (full 0):
 garbage-first heap   total 206848K, used 95459K [0x0000000080000000, 0x0000000100000000)
  region size 1024K, 8 young (8192K), 8 survivors (8192K)
 Metaspace       used 99219K, committed 100032K, reserved 1179648K
  class space    used 13661K, committed 14080K, reserved 1048576K
}
Event: 24.519 GC heap before
{Heap before GC invocations=40 (full 0):
 garbage-first heap   total 206848K, used 174307K [0x0000000080000000, 0x0000000100000000)
  region size 1024K, 81 young (82944K), 8 survivors (8192K)
 Metaspace       used 104500K, committed 105344K, reserved 1179648K
  class space    used 14357K, committed 14784K, reserved 1048576K
}
Event: 24.536 GC heap after
{Heap after GC invocations=41 (full 0):
 garbage-first heap   total 206848K, used 103353K [0x0000000080000000, 0x0000000100000000)
  region size 1024K, 11 young (11264K), 11 survivors (11264K)
 Metaspace       used 104500K, committed 105344K, reserved 1179648K
  class space    used 14357K, committed 14784K, reserved 1048576K
}
Event: 25.203 GC heap before
{Heap before GC invocations=41 (full 0):
 garbage-first heap   total 206848K, used 167865K [0x0000000080000000, 0x0000000100000000)
  region size 1024K, 75 young (76800K), 11 survivors (11264K)
 Metaspace       used 104967K, committed 105792K, reserved 1179648K
  class space    used 14411K, committed 14848K, reserved 1048576K
}
Event: 25.212 GC heap after
{Heap after GC invocations=42 (full 0):
 garbage-first heap   total 206848K, used 110283K [0x0000000080000000, 0x0000000100000000)
  region size 1024K, 7 young (7168K), 7 survivors (7168K)
 Metaspace       used 104967K, committed 105792K, reserved 1179648K
  class space    used 14411K, committed 14848K, reserved 1048576K
}
Event: 26.916 GC heap before
{Heap before GC invocations=42 (full 0):
 garbage-first heap   total 206848K, used 177867K [0x0000000080000000, 0x0000000100000000)
  region size 1024K, 65 young (66560K), 7 survivors (7168K)
 Metaspace       used 107265K, committed 108096K, reserved 1179648K
  class space    used 14655K, committed 15040K, reserved 1048576K
}
Event: 26.932 GC heap after
{Heap after GC invocations=43 (full 0):
 garbage-first heap   total 206848K, used 128262K [0x0000000080000000, 0x0000000100000000)
  region size 1024K, 9 young (9216K), 9 survivors (9216K)
 Metaspace       used 107265K, committed 108096K, reserved 1179648K
  class space    used 14655K, committed 15040K, reserved 1048576K
}
Event: 27.663 GC heap before
{Heap before GC invocations=43 (full 0):
 garbage-first heap   total 206848K, used 163078K [0x0000000080000000, 0x0000000100000000)
  region size 1024K, 43 young (44032K), 9 survivors (9216K)
 Metaspace       used 107767K, committed 108544K, reserved 1179648K
  class space    used 14700K, committed 15104K, reserved 1048576K
}
Event: 27.673 GC heap after
{Heap after GC invocations=44 (full 0):
 garbage-first heap   total 206848K, used 138201K [0x0000000080000000, 0x0000000100000000)
  region size 1024K, 6 young (6144K), 6 survivors (6144K)
 Metaspace       used 107767K, committed 108544K, reserved 1179648K
  class space    used 14700K, committed 15104K, reserved 1048576K
}
Event: 28.624 GC heap before
{Heap before GC invocations=44 (full 0):
 garbage-first heap   total 206848K, used 171993K [0x0000000080000000, 0x0000000100000000)
  region size 1024K, 32 young (32768K), 6 survivors (6144K)
 Metaspace       used 108028K, committed 108864K, reserved 1179648K
  class space    used 14713K, committed 15104K, reserved 1048576K
}
Event: 28.635 GC heap after
{Heap after GC invocations=45 (full 0):
 garbage-first heap   total 206848K, used 144384K [0x0000000080000000, 0x0000000100000000)
  region size 1024K, 4 young (4096K), 4 survivors (4096K)
 Metaspace       used 108028K, committed 108864K, reserved 1179648K
  class space    used 14713K, committed 15104K, reserved 1048576K
}
Event: 29.270 GC heap before
{Heap before GC invocations=45 (full 0):
 garbage-first heap   total 206848K, used 167936K [0x0000000080000000, 0x0000000100000000)
  region size 1024K, 27 young (27648K), 4 survivors (4096K)
 Metaspace       used 110159K, committed 110976K, reserved 1179648K
  class space    used 14982K, committed 15360K, reserved 1048576K
}
Event: 29.276 GC heap after
{Heap after GC invocations=46 (full 0):
 garbage-first heap   total 206848K, used 145852K [0x0000000080000000, 0x0000000100000000)
  region size 1024K, 2 young (2048K), 2 survivors (2048K)
 Metaspace       used 110159K, committed 110976K, reserved 1179648K
  class space    used 14982K, committed 15360K, reserved 1048576K
}
Event: 29.679 GC heap before
{Heap before GC invocations=46 (full 0):
 garbage-first heap   total 206848K, used 169404K [0x0000000080000000, 0x0000000100000000)
  region size 1024K, 14 young (14336K), 2 survivors (2048K)
 Metaspace       used 110319K, committed 111168K, reserved 1179648K
  class space    used 14997K, committed 15424K, reserved 1048576K
}

