# JRE version: OpenJDK Runtime Environment (17.0.9) (build 17.0.9+0--11185874)
# Java VM: OpenJDK 64-Bit Server VM (17.0.9+0--11185874, mixed mode, tiered, compressed oops, compressed class ptrs, g1 gc, windows-amd64)
GC Precious Log:
 CPUs: 16 total, 16 available
 Memory: 7563M
 Large Page Support: Disabled
 NUMA Support: Disabled
 Compressed Oops: Enabled (32-bit)
 Heap Region Size: 1M
 Heap Min Capacity: 8M
 Heap Initial Capacity: 120M
 Heap Max Capacity: 2G
 Pre-touch: Disabled
 Parallel Workers: 13
 Concurrent Workers: 3
 Concurrent Refinement Workers: 13
 Periodic GC: Disabled
Heap:
 garbage-first heap   total 205824K, used 138422K [0x0000000080000000, 0x0000000100000000)
  region size 1024K, 13 young (13312K), 6 survivors (6144K)
 Metaspace       used 112457K, committed 113408K, reserved 1179648K
  class space    used 15050K, committed 15488K, reserved 1048576K
GC Heap History (20 events):
Event: 28.161 GC heap before
{Heap before GC invocations=45 (full 0):
 garbage-first heap   total 171008K, used 139670K [0x0000000080000000, 0x0000000100000000)
  region size 1024K, 34 young (34816K), 5 survivors (5120K)
 Metaspace       used 105636K, committed 106432K, reserved 1179648K
  class space    used 14442K, committed 14848K, reserved 1048576K
}
Event: 28.165 GC heap after
{Heap after GC invocations=46 (full 0):
 garbage-first heap   total 171008K, used 112850K [0x0000000080000000, 0x0000000100000000)
  region size 1024K, 4 young (4096K), 4 survivors (4096K)
 Metaspace       used 105636K, committed 106432K, reserved 1179648K
  class space    used 14442K, committed 14848K, reserved 1048576K
}
Event: 28.436 GC heap before
{Heap before GC invocations=46 (full 0):
 garbage-first heap   total 171008K, used 140498K [0x0000000080000000, 0x0000000100000000)
  region size 1024K, 32 young (32768K), 4 survivors (4096K)
 Metaspace       used 105807K, committed 106560K, reserved 1179648K
  class space    used 14468K, committed 14848K, reserved 1048576K
}
Event: 28.440 GC heap after
{Heap after GC invocations=47 (full 0):
 garbage-first heap   total 171008K, used 114362K [0x0000000080000000, 0x0000000100000000)
  region size 1024K, 4 young (4096K), 4 survivors (4096K)
 Metaspace       used 105807K, committed 106560K, reserved 1179648K
  class space    used 14468K, committed 14848K, reserved 1048576K
}
Event: 28.678 GC heap before
{Heap before GC invocations=47 (full 0):
 garbage-first heap   total 171008K, used 140986K [0x0000000080000000, 0x0000000100000000)
  region size 1024K, 31 young (31744K), 4 survivors (4096K)
 Metaspace       used 105874K, committed 106688K, reserved 1179648K
  class space    used 14471K, committed 14848K, reserved 1048576K
}
Event: 28.682 GC heap after
{Heap after GC invocations=48 (full 0):
 garbage-first heap   total 171008K, used 115822K [0x0000000080000000, 0x0000000100000000)
  region size 1024K, 4 young (4096K), 4 survivors (4096K)
 Metaspace       used 105874K, committed 106688K, reserved 1179648K
  class space    used 14471K, committed 14848K, reserved 1048576K
}
Event: 28.837 GC heap before
{Heap before GC invocations=48 (full 0):
 garbage-first heap   total 171008K, used 141422K [0x0000000080000000, 0x0000000100000000)
  region size 1024K, 30 young (30720K), 4 survivors (4096K)
 Metaspace       used 105920K, committed 106752K, reserved 1179648K
  class space    used 14475K, committed 14848K, reserved 1048576K
}
Event: 28.842 GC heap after
{Heap after GC invocations=49 (full 0):
 garbage-first heap   total 171008K, used 117423K [0x0000000080000000, 0x0000000100000000)
  region size 1024K, 4 young (4096K), 4 survivors (4096K)
 Metaspace       used 105920K, committed 106752K, reserved 1179648K
  class space    used 14475K, committed 14848K, reserved 1048576K
}
Event: 29.163 GC heap before
{Heap before GC invocations=49 (full 0):
 garbage-first heap   total 171008K, used 140975K [0x0000000080000000, 0x0000000100000000)
  region size 1024K, 28 young (28672K), 4 survivors (4096K)
 Metaspace       used 106005K, committed 106880K, reserved 1179648K
  class space    used 14487K, committed 14912K, reserved 1048576K
}
Event: 29.168 GC heap after
{Heap after GC invocations=50 (full 0):
 garbage-first heap   total 205824K, used 118732K [0x0000000080000000, 0x0000000100000000)
  region size 1024K, 4 young (4096K), 4 survivors (4096K)
 Metaspace       used 106005K, committed 106880K, reserved 1179648K
  class space    used 14487K, committed 14912K, reserved 1048576K
}
Event: 144.363 GC heap before
{Heap before GC invocations=50 (full 0):
 garbage-first heap   total 205824K, used 162764K [0x0000000080000000, 0x0000000100000000)
  region size 1024K, 49 young (50176K), 4 survivors (4096K)
 Metaspace       used 111286K, committed 112128K, reserved 1179648K
  class space    used 15001K, committed 15424K, reserved 1048576K
}
Event: 144.392 GC heap after
{Heap after GC invocations=51 (full 0):
 garbage-first heap   total 205824K, used 119380K [0x0000000080000000, 0x0000000100000000)
  region size 1024K, 4 young (4096K), 4 survivors (4096K)
 Metaspace       used 111286K, committed 112128K, reserved 1179648K
  class space    used 15001K, committed 15424K, reserved 1048576K
}
Event: 217.428 GC heap before
{Heap before GC invocations=52 (full 0):
 garbage-first heap   total 205824K, used 169556K [0x0000000080000000, 0x0000000100000000)
  region size 1024K, 54 young (55296K), 4 survivors (4096K)
 Metaspace       used 111760K, committed 112576K, reserved 1179648K
  class space    used 15013K, committed 15424K, reserved 1048576K
}
Event: 217.498 GC heap after
{Heap after GC invocations=53 (full 0):
 garbage-first heap   total 205824K, used 124535K [0x0000000080000000, 0x0000000100000000)
  region size 1024K, 7 young (7168K), 7 survivors (7168K)
 Metaspace       used 111760K, committed 112576K, reserved 1179648K
  class space    used 15013K, committed 15424K, reserved 1048576K
}
Event: 217.584 GC heap before
{Heap before GC invocations=53 (full 0):
 garbage-first heap   total 205824K, used 127607K [0x0000000080000000, 0x0000000100000000)
  region size 1024K, 10 young (10240K), 7 survivors (7168K)
 Metaspace       used 111796K, committed 112640K, reserved 1179648K
  class space    used 15014K, committed 15424K, reserved 1048576K
}
Event: 217.636 GC heap after
{Heap after GC invocations=54 (full 0):
 garbage-first heap   total 205824K, used 123680K [0x0000000080000000, 0x0000000100000000)
  region size 1024K, 2 young (2048K), 2 survivors (2048K)
 Metaspace       used 111796K, committed 112640K, reserved 1179648K
  class space    used 15014K, committed 15424K, reserved 1048576K
}
Event: 249.611 GC heap before
{Heap before GC invocations=54 (full 0):
 garbage-first heap   total 205824K, used 170784K [0x0000000080000000, 0x0000000100000000)
  region size 1024K, 48 young (49152K), 2 survivors (2048K)
 Metaspace       used 112179K, committed 113088K, reserved 1179648K
  class space    used 15030K, committed 15488K, reserved 1048576K
}
Event: 249.639 GC heap after
{Heap after GC invocations=55 (full 0):
 garbage-first heap   total 205824K, used 126985K [0x0000000080000000, 0x0000000100000000)
  region size 1024K, 5 young (5120K), 5 survivors (5120K)
 Metaspace       used 112179K, committed 113088K, reserved 1179648K
  class space    used 15030K, committed 15488K, reserved 1048576K
}
Event: 250.580 GC heap before
{Heap before GC invocations=55 (full 0):
 garbage-first heap   total 205824K, used 169993K [0x0000000080000000, 0x0000000100000000)
  region size 1024K, 48 young (49152K), 5 survivors (5120K)
 Metaspace       used 112381K, committed 113216K, reserved 1179648K
  class space    used 15047K, committed 15488K, reserved 1048576K
}
Event: 250.596 GC heap after
{Heap after GC invocations=56 (full 0):
 garbage-first heap   total 205824K, used 132278K [0x0000000080000000, 0x0000000100000000)
  region size 1024K, 6 young (6144K), 6 survivors (6144K)
 Metaspace       used 112381K, committed 113216K, reserved 1179648K
  class space    used 15047K, committed 15488K, reserved 1048576K
}

