# JRE version: OpenJDK Runtime Environment (17.0.9) (build 17.0.9+0--11185874)
# Java VM: OpenJDK 64-Bit Server VM (17.0.9+0--11185874, mixed mode, tiered, compressed oops, compressed class ptrs, g1 gc, windows-amd64)
GC Precious Log:
 CPUs: 16 total, 16 available
 Memory: 7563M
 Large Page Support: Disabled
 NUMA Support: Disabled
 Compressed Oops: Enabled (32-bit)
 Heap Region Size: 1M
 Heap Min Capacity: 8M
 Heap Initial Capacity: 120M
 Heap Max Capacity: 2G
 Pre-touch: Disabled
 Parallel Workers: 13
 Concurrent Workers: 3
 Concurrent Refinement Workers: 13
 Periodic GC: Disabled
Heap:
 garbage-first heap   total 214016K, used 142725K [0x0000000080000000, 0x0000000100000000)
  region size 1024K, 10 young (10240K), 6 survivors (6144K)
 Metaspace       used 107997K, committed 108736K, reserved 1179648K
  class space    used 14722K, committed 15104K, reserved 1048576K
GC Heap History (20 events):
Event: 20.276 GC heap before
{Heap before GC invocations=55 (full 0):
 garbage-first heap   total 162816K, used 130814K [0x0000000080000000, 0x0000000100000000)
  region size 1024K, 46 young (47104K), 1 survivors (1024K)
 Metaspace       used 88813K, committed 89472K, reserved 1179648K
  class space    used 12141K, committed 12480K, reserved 1048576K
}
Event: 20.279 GC heap after
{Heap after GC invocations=56 (full 0):
 garbage-first heap   total 162816K, used 86129K [0x0000000080000000, 0x0000000100000000)
  region size 1024K, 2 young (2048K), 2 survivors (2048K)
 Metaspace       used 88813K, committed 89472K, reserved 1179648K
  class space    used 12141K, committed 12480K, reserved 1048576K
}
Event: 21.274 GC heap before
{Heap before GC invocations=56 (full 0):
 garbage-first heap   total 162816K, used 133233K [0x0000000080000000, 0x0000000100000000)
  region size 1024K, 48 young (49152K), 2 survivors (2048K)
 Metaspace       used 92574K, committed 93248K, reserved 1179648K
  class space    used 12693K, committed 13056K, reserved 1048576K
}
Event: 21.279 GC heap after
{Heap after GC invocations=57 (full 0):
 garbage-first heap   total 162816K, used 88435K [0x0000000080000000, 0x0000000100000000)
  region size 1024K, 4 young (4096K), 4 survivors (4096K)
 Metaspace       used 92574K, committed 93248K, reserved 1179648K
  class space    used 12693K, committed 13056K, reserved 1048576K
}
Event: 22.132 GC heap before
{Heap before GC invocations=57 (full 0):
 garbage-first heap   total 162816K, used 134515K [0x0000000080000000, 0x0000000100000000)
  region size 1024K, 49 young (50176K), 4 survivors (4096K)
 Metaspace       used 95915K, committed 96512K, reserved 1179648K
  class space    used 13209K, committed 13504K, reserved 1048576K
}
Event: 22.141 GC heap after
{Heap after GC invocations=58 (full 0):
 garbage-first heap   total 162816K, used 90519K [0x0000000080000000, 0x0000000100000000)
  region size 1024K, 5 young (5120K), 5 survivors (5120K)
 Metaspace       used 95915K, committed 96512K, reserved 1179648K
  class space    used 13209K, committed 13504K, reserved 1048576K
}
Event: 23.140 GC heap before
{Heap before GC invocations=58 (full 0):
 garbage-first heap   total 162816K, used 134551K [0x0000000080000000, 0x0000000100000000)
  region size 1024K, 48 young (49152K), 5 survivors (5120K)
 Metaspace       used 99664K, committed 100352K, reserved 1179648K
  class space    used 13698K, committed 14016K, reserved 1048576K
}
Event: 23.148 GC heap after
{Heap after GC invocations=59 (full 0):
 garbage-first heap   total 162816K, used 93537K [0x0000000080000000, 0x0000000100000000)
  region size 1024K, 6 young (6144K), 6 survivors (6144K)
 Metaspace       used 99664K, committed 100352K, reserved 1179648K
  class space    used 13698K, committed 14016K, reserved 1048576K
}
Event: 23.793 GC heap before
{Heap before GC invocations=59 (full 0):
 garbage-first heap   total 162816K, used 139617K [0x0000000080000000, 0x0000000100000000)
  region size 1024K, 47 young (48128K), 6 survivors (6144K)
 Metaspace       used 102751K, committed 103424K, reserved 1179648K
  class space    used 13996K, committed 14336K, reserved 1048576K
}
Event: 23.802 GC heap after
{Heap after GC invocations=60 (full 0):
 garbage-first heap   total 162816K, used 98208K [0x0000000080000000, 0x0000000100000000)
  region size 1024K, 6 young (6144K), 6 survivors (6144K)
 Metaspace       used 102751K, committed 103424K, reserved 1179648K
  class space    used 13996K, committed 14336K, reserved 1048576K
}
Event: 24.466 GC heap before
{Heap before GC invocations=60 (full 0):
 garbage-first heap   total 162816K, used 135072K [0x0000000080000000, 0x0000000100000000)
  region size 1024K, 43 young (44032K), 6 survivors (6144K)
 Metaspace       used 104795K, committed 105536K, reserved 1179648K
  class space    used 14416K, committed 14784K, reserved 1048576K
}
Event: 24.477 GC heap after
{Heap after GC invocations=61 (full 0):
 garbage-first heap   total 162816K, used 104601K [0x0000000080000000, 0x0000000100000000)
  region size 1024K, 6 young (6144K), 6 survivors (6144K)
 Metaspace       used 104795K, committed 105536K, reserved 1179648K
  class space    used 14416K, committed 14784K, reserved 1048576K
}
Event: 24.652 GC heap before
{Heap before GC invocations=61 (full 0):
 garbage-first heap   total 162816K, used 134297K [0x0000000080000000, 0x0000000100000000)
  region size 1024K, 35 young (35840K), 6 survivors (6144K)
 Metaspace       used 104866K, committed 105600K, reserved 1179648K
  class space    used 14416K, committed 14784K, reserved 1048576K
}
Event: 24.657 GC heap after
{Heap after GC invocations=62 (full 0):
 garbage-first heap   total 162816K, used 106076K [0x0000000080000000, 0x0000000100000000)
  region size 1024K, 4 young (4096K), 4 survivors (4096K)
 Metaspace       used 104866K, committed 105600K, reserved 1179648K
  class space    used 14416K, committed 14784K, reserved 1048576K
}
Event: 24.928 GC heap before
{Heap before GC invocations=62 (full 0):
 garbage-first heap   total 162816K, used 133724K [0x0000000080000000, 0x0000000100000000)
  region size 1024K, 32 young (32768K), 4 survivors (4096K)
 Metaspace       used 105175K, committed 105920K, reserved 1179648K
  class space    used 14441K, committed 14784K, reserved 1048576K
}
Event: 24.933 GC heap after
{Heap after GC invocations=63 (full 0):
 garbage-first heap   total 214016K, used 108062K [0x0000000080000000, 0x0000000100000000)
  region size 1024K, 4 young (4096K), 4 survivors (4096K)
 Metaspace       used 105175K, committed 105920K, reserved 1179648K
  class space    used 14441K, committed 14784K, reserved 1048576K
}
Event: 27.052 GC heap before
{Heap before GC invocations=63 (full 0):
 garbage-first heap   total 214016K, used 182814K [0x0000000080000000, 0x0000000100000000)
  region size 1024K, 69 young (70656K), 4 survivors (4096K)
 Metaspace       used 107431K, committed 108224K, reserved 1179648K
  class space    used 14674K, committed 15104K, reserved 1048576K
}
Event: 27.069 GC heap after
{Heap after GC invocations=64 (full 0):
 garbage-first heap   total 214016K, used 132433K [0x0000000080000000, 0x0000000100000000)
  region size 1024K, 9 young (9216K), 9 survivors (9216K)
 Metaspace       used 107431K, committed 108224K, reserved 1179648K
  class space    used 14674K, committed 15104K, reserved 1048576K
}
Event: 28.158 GC heap before
{Heap before GC invocations=64 (full 0):
 garbage-first heap   total 214016K, used 173393K [0x0000000080000000, 0x0000000100000000)
  region size 1024K, 42 young (43008K), 9 survivors (9216K)
 Metaspace       used 108014K, committed 108736K, reserved 1179648K
  class space    used 14730K, committed 15104K, reserved 1048576K
}
Event: 28.169 GC heap after
{Heap after GC invocations=65 (full 0):
 garbage-first heap   total 214016K, used 139653K [0x0000000080000000, 0x0000000100000000)
  region size 1024K, 6 young (6144K), 6 survivors (6144K)
 Metaspace       used 108014K, committed 108736K, reserved 1179648K
  class space    used 14730K, committed 15104K, reserved 1048576K
}

