# JRE version: OpenJDK Runtime Environment (17.0.9) (build 17.0.9+0--11185874)
# Java VM: OpenJDK 64-Bit Server VM (17.0.9+0--11185874, mixed mode, tiered, compressed oops, compressed class ptrs, g1 gc, windows-amd64)
GC Precious Log:
 CPUs: 16 total, 16 available
 Memory: 7563M
 Large Page Support: Disabled
 NUMA Support: Disabled
 Compressed Oops: Enabled (32-bit)
 Heap Region Size: 1M
 Heap Min Capacity: 8M
 Heap Initial Capacity: 120M
 Heap Max Capacity: 2G
 Pre-touch: Disabled
 Parallel Workers: 13
 Concurrent Workers: 3
 Concurrent Refinement Workers: 13
 Periodic GC: Disabled
Heap:
 garbage-first heap   total 362496K, used 179230K [0x0000000080000000, 0x0000000100000000)
  region size 1024K, 40 young (40960K), 3 survivors (3072K)
 Metaspace       used 161914K, committed 162944K, reserved 1245184K
  class space    used 23661K, committed 24128K, reserved 1048576K
GC Heap History (20 events):
Event: 27.294 GC heap before
{Heap before GC invocations=42 (full 0):
 garbage-first heap   total 185344K, used 151439K [0x0000000080000000, 0x0000000100000000)
  region size 1024K, 42 young (43008K), 6 survivors (6144K)
 Metaspace       used 108485K, committed 109184K, reserved 1179648K
  class space    used 14838K, committed 15168K, reserved 1048576K
}
Event: 27.300 GC heap after
{Heap after GC invocations=43 (full 0):
 garbage-first heap   total 185344K, used 117526K [0x0000000080000000, 0x0000000100000000)
  region size 1024K, 5 young (5120K), 5 survivors (5120K)
 Metaspace       used 108485K, committed 109184K, reserved 1179648K
  class space    used 14838K, committed 15168K, reserved 1048576K
}
Event: 27.510 GC heap before
{Heap before GC invocations=43 (full 0):
 garbage-first heap   total 185344K, used 151318K [0x0000000080000000, 0x0000000100000000)
  region size 1024K, 39 young (39936K), 5 survivors (5120K)
 Metaspace       used 108578K, committed 109376K, reserved 1179648K
  class space    used 14848K, committed 15232K, reserved 1048576K
}
Event: 27.514 GC heap after
{Heap after GC invocations=44 (full 0):
 garbage-first heap   total 185344K, used 119250K [0x0000000080000000, 0x0000000100000000)
  region size 1024K, 5 young (5120K), 5 survivors (5120K)
 Metaspace       used 108578K, committed 109376K, reserved 1179648K
  class space    used 14848K, committed 15232K, reserved 1048576K
}
Event: 30.812 GC heap before
{Heap before GC invocations=44 (full 0):
 garbage-first heap   total 185344K, used 152018K [0x0000000080000000, 0x0000000100000000)
  region size 1024K, 38 young (38912K), 5 survivors (5120K)
 Metaspace       used 110067K, committed 110912K, reserved 1179648K
  class space    used 15040K, committed 15488K, reserved 1048576K
}
Event: 30.823 GC heap after
{Heap after GC invocations=45 (full 0):
 garbage-first heap   total 362496K, used 123208K [0x0000000080000000, 0x0000000100000000)
  region size 1024K, 5 young (5120K), 5 survivors (5120K)
 Metaspace       used 110067K, committed 110912K, reserved 1179648K
  class space    used 15040K, committed 15488K, reserved 1048576K
}
Event: 52.853 GC heap before
{Heap before GC invocations=45 (full 0):
 garbage-first heap   total 362496K, used 281928K [0x0000000080000000, 0x0000000100000000)
  region size 1024K, 161 young (164864K), 5 survivors (5120K)
 Metaspace       used 121233K, committed 122176K, reserved 1179648K
  class space    used 16529K, committed 17024K, reserved 1048576K
}
Event: 52.863 GC heap after
{Heap after GC invocations=46 (full 0):
 garbage-first heap   total 362496K, used 131405K [0x0000000080000000, 0x0000000100000000)
  region size 1024K, 13 young (13312K), 13 survivors (13312K)
 Metaspace       used 121233K, committed 122176K, reserved 1179648K
  class space    used 16529K, committed 17024K, reserved 1048576K
}
Event: 54.859 GC heap before
{Heap before GC invocations=46 (full 0):
 garbage-first heap   total 362496K, used 280909K [0x0000000080000000, 0x0000000100000000)
  region size 1024K, 156 young (159744K), 13 survivors (13312K)
 Metaspace       used 126491K, committed 127360K, reserved 1179648K
  class space    used 17185K, committed 17600K, reserved 1048576K
}
Event: 54.873 GC heap after
{Heap after GC invocations=47 (full 0):
 garbage-first heap   total 362496K, used 140342K [0x0000000080000000, 0x0000000100000000)
  region size 1024K, 17 young (17408K), 17 survivors (17408K)
 Metaspace       used 126491K, committed 127360K, reserved 1179648K
  class space    used 17185K, committed 17600K, reserved 1048576K
}
Event: 56.079 GC heap before
{Heap before GC invocations=47 (full 0):
 garbage-first heap   total 362496K, used 285750K [0x0000000080000000, 0x0000000100000000)
  region size 1024K, 158 young (161792K), 17 survivors (17408K)
 Metaspace       used 132783K, committed 133696K, reserved 1179648K
  class space    used 18254K, committed 18688K, reserved 1048576K
}
Event: 56.091 GC heap after
{Heap after GC invocations=48 (full 0):
 garbage-first heap   total 362496K, used 143420K [0x0000000080000000, 0x0000000100000000)
  region size 1024K, 14 young (14336K), 14 survivors (14336K)
 Metaspace       used 132783K, committed 133696K, reserved 1179648K
  class space    used 18254K, committed 18688K, reserved 1048576K
}
Event: 58.617 GC heap before
{Heap before GC invocations=48 (full 0):
 garbage-first heap   total 362496K, used 290876K [0x0000000080000000, 0x0000000100000000)
  region size 1024K, 159 young (162816K), 14 survivors (14336K)
 Metaspace       used 147036K, committed 148096K, reserved 1179648K
  class space    used 21256K, committed 21760K, reserved 1048576K
}
Event: 58.634 GC heap after
{Heap after GC invocations=49 (full 0):
 garbage-first heap   total 362496K, used 154145K [0x0000000080000000, 0x0000000100000000)
  region size 1024K, 17 young (17408K), 17 survivors (17408K)
 Metaspace       used 147036K, committed 148096K, reserved 1179648K
  class space    used 21256K, committed 21760K, reserved 1048576K
}
Event: 59.539 GC heap before
{Heap before GC invocations=49 (full 0):
 garbage-first heap   total 362496K, used 293409K [0x0000000080000000, 0x0000000100000000)
  region size 1024K, 153 young (156672K), 17 survivors (17408K)
 Metaspace       used 153769K, committed 154880K, reserved 1245184K
  class space    used 22707K, committed 23232K, reserved 1048576K
}
Event: 59.548 GC heap after
{Heap after GC invocations=50 (full 0):
 garbage-first heap   total 362496K, used 144101K [0x0000000080000000, 0x0000000100000000)
  region size 1024K, 4 young (4096K), 4 survivors (4096K)
 Metaspace       used 153769K, committed 154880K, reserved 1245184K
  class space    used 22707K, committed 23232K, reserved 1048576K
}
Event: 60.914 GC heap before
{Heap before GC invocations=50 (full 0):
 garbage-first heap   total 362496K, used 244453K [0x0000000080000000, 0x0000000100000000)
  region size 1024K, 67 young (68608K), 4 survivors (4096K)
 Metaspace       used 156893K, committed 158080K, reserved 1245184K
  class space    used 23166K, committed 23744K, reserved 1048576K
}
Event: 60.921 GC heap after
{Heap after GC invocations=51 (full 0):
 garbage-first heap   total 362496K, used 153606K [0x0000000080000000, 0x0000000100000000)
  region size 1024K, 3 young (3072K), 3 survivors (3072K)
 Metaspace       used 156893K, committed 158080K, reserved 1245184K
  class space    used 23166K, committed 23744K, reserved 1048576K
}
Event: 61.664 GC heap before
{Heap before GC invocations=51 (full 0):
 garbage-first heap   total 362496K, used 191494K [0x0000000080000000, 0x0000000100000000)
  region size 1024K, 41 young (41984K), 3 survivors (3072K)
 Metaspace       used 160297K, committed 161408K, reserved 1245184K
  class space    used 23531K, committed 24064K, reserved 1048576K
}
Event: 61.669 GC heap after
{Heap after GC invocations=52 (full 0):
 garbage-first heap   total 362496K, used 143390K [0x0000000080000000, 0x0000000100000000)
  region size 1024K, 3 young (3072K), 3 survivors (3072K)
 Metaspace       used 160297K, committed 161408K, reserved 1245184K
  class space    used 23531K, committed 24064K, reserved 1048576K
}

