# JRE version: OpenJDK Runtime Environment (17.0.9) (build 17.0.9+0--11185874)
# Java VM: OpenJDK 64-Bit Server VM (17.0.9+0--11185874, mixed mode, tiered, compressed oops, compressed class ptrs, g1 gc, windows-amd64)
GC Precious Log:
 CPUs: 16 total, 16 available
 Memory: 7563M
 Large Page Support: Disabled
 NUMA Support: Disabled
 Compressed Oops: Enabled (32-bit)
 Heap Region Size: 1M
 Heap Min Capacity: 8M
 Heap Initial Capacity: 120M
 Heap Max Capacity: 2G
 Pre-touch: Disabled
 Parallel Workers: 13
 Concurrent Workers: 3
 Concurrent Refinement Workers: 13
 Periodic GC: Disabled
Heap:
 garbage-first heap   total 159744K, used 113316K [0x0000000080000000, 0x0000000100000000)
  region size 1024K, 15 young (15360K), 4 survivors (4096K)
 Metaspace       used 104681K, committed 105472K, reserved 1179648K
  class space    used 14355K, committed 14784K, reserved 1048576K
GC Heap History (20 events):
Event: 20.018 GC heap before
{Heap before GC invocations=23 (full 0):
 garbage-first heap   total 159744K, used 97165K [0x0000000080000000, 0x0000000100000000)
  region size 1024K, 23 young (23552K), 8 survivors (8192K)
 Metaspace       used 84170K, committed 84864K, reserved 1179648K
  class space    used 11319K, committed 11648K, reserved 1048576K
}
Event: 20.024 GC heap after
{Heap after GC invocations=24 (full 0):
 garbage-first heap   total 159744K, used 83947K [0x0000000080000000, 0x0000000100000000)
  region size 1024K, 2 young (2048K), 2 survivors (2048K)
 Metaspace       used 84170K, committed 84864K, reserved 1179648K
  class space    used 11319K, committed 11648K, reserved 1048576K
}
Event: 21.263 GC heap before
{Heap before GC invocations=25 (full 0):
 garbage-first heap   total 159744K, used 132075K [0x0000000080000000, 0x0000000100000000)
  region size 1024K, 49 young (50176K), 2 survivors (2048K)
 Metaspace       used 87563K, committed 88192K, reserved 1179648K
  class space    used 11976K, committed 12288K, reserved 1048576K
}
Event: 21.266 GC heap after
{Heap after GC invocations=26 (full 0):
 garbage-first heap   total 159744K, used 83828K [0x0000000080000000, 0x0000000100000000)
  region size 1024K, 3 young (3072K), 3 survivors (3072K)
 Metaspace       used 87563K, committed 88192K, reserved 1179648K
  class space    used 11976K, committed 12288K, reserved 1048576K
}
Event: 21.383 GC heap before
{Heap before GC invocations=26 (full 0):
 garbage-first heap   total 159744K, used 87924K [0x0000000080000000, 0x0000000100000000)
  region size 1024K, 7 young (7168K), 3 survivors (3072K)
 Metaspace       used 87864K, committed 88512K, reserved 1179648K
  class space    used 12027K, committed 12352K, reserved 1048576K
}
Event: 21.387 GC heap after
{Heap after GC invocations=27 (full 0):
 garbage-first heap   total 159744K, used 83549K [0x0000000080000000, 0x0000000100000000)
  region size 1024K, 1 young (1024K), 1 survivors (1024K)
 Metaspace       used 87864K, committed 88512K, reserved 1179648K
  class space    used 12027K, committed 12352K, reserved 1048576K
}
Event: 22.532 GC heap before
{Heap before GC invocations=27 (full 0):
 garbage-first heap   total 159744K, used 132701K [0x0000000080000000, 0x0000000100000000)
  region size 1024K, 49 young (50176K), 1 survivors (1024K)
 Metaspace       used 91238K, committed 91968K, reserved 1179648K
  class space    used 12510K, committed 12864K, reserved 1048576K
}
Event: 22.535 GC heap after
{Heap after GC invocations=28 (full 0):
 garbage-first heap   total 159744K, used 85530K [0x0000000080000000, 0x0000000100000000)
  region size 1024K, 3 young (3072K), 3 survivors (3072K)
 Metaspace       used 91238K, committed 91968K, reserved 1179648K
  class space    used 12510K, committed 12864K, reserved 1048576K
}
Event: 23.720 GC heap before
{Heap before GC invocations=29 (full 0):
 garbage-first heap   total 159744K, used 133658K [0x0000000080000000, 0x0000000100000000)
  region size 1024K, 50 young (51200K), 3 survivors (3072K)
 Metaspace       used 95093K, committed 95808K, reserved 1179648K
  class space    used 13082K, committed 13440K, reserved 1048576K
}
Event: 23.726 GC heap after
{Heap after GC invocations=30 (full 0):
 garbage-first heap   total 159744K, used 88048K [0x0000000080000000, 0x0000000100000000)
  region size 1024K, 5 young (5120K), 5 survivors (5120K)
 Metaspace       used 95093K, committed 95808K, reserved 1179648K
  class space    used 13082K, committed 13440K, reserved 1048576K
}
Event: 23.763 GC heap before
{Heap before GC invocations=30 (full 0):
 garbage-first heap   total 159744K, used 90096K [0x0000000080000000, 0x0000000100000000)
  region size 1024K, 7 young (7168K), 5 survivors (5120K)
 Metaspace       used 95252K, committed 95936K, reserved 1179648K
  class space    used 13106K, committed 13440K, reserved 1048576K
}
Event: 23.769 GC heap after
{Heap after GC invocations=31 (full 0):
 garbage-first heap   total 159744K, used 88084K [0x0000000080000000, 0x0000000100000000)
  region size 1024K, 1 young (1024K), 1 survivors (1024K)
 Metaspace       used 95252K, committed 95936K, reserved 1179648K
  class space    used 13106K, committed 13440K, reserved 1048576K
}
Event: 24.862 GC heap before
{Heap before GC invocations=31 (full 0):
 garbage-first heap   total 159744K, used 134164K [0x0000000080000000, 0x0000000100000000)
  region size 1024K, 46 young (47104K), 1 survivors (1024K)
 Metaspace       used 99413K, committed 100224K, reserved 1179648K
  class space    used 13677K, committed 14080K, reserved 1048576K
}
Event: 24.866 GC heap after
{Heap after GC invocations=32 (full 0):
 garbage-first heap   total 159744K, used 90007K [0x0000000080000000, 0x0000000100000000)
  region size 1024K, 3 young (3072K), 3 survivors (3072K)
 Metaspace       used 99413K, committed 100224K, reserved 1179648K
  class space    used 13677K, committed 14080K, reserved 1048576K
}
Event: 25.577 GC heap before
{Heap before GC invocations=32 (full 0):
 garbage-first heap   total 159744K, used 138135K [0x0000000080000000, 0x0000000100000000)
  region size 1024K, 46 young (47104K), 3 survivors (3072K)
 Metaspace       used 102600K, committed 103360K, reserved 1179648K
  class space    used 13977K, committed 14336K, reserved 1048576K
}
Event: 25.584 GC heap after
{Heap after GC invocations=33 (full 0):
 garbage-first heap   total 159744K, used 95114K [0x0000000080000000, 0x0000000100000000)
  region size 1024K, 6 young (6144K), 6 survivors (6144K)
 Metaspace       used 102600K, committed 103360K, reserved 1179648K
  class space    used 13977K, committed 14336K, reserved 1048576K
}
Event: 26.275 GC heap before
{Heap before GC invocations=33 (full 0):
 garbage-first heap   total 159744K, used 133002K [0x0000000080000000, 0x0000000100000000)
  region size 1024K, 44 young (45056K), 6 survivors (6144K)
 Metaspace       used 104565K, committed 105408K, reserved 1179648K
  class space    used 14355K, committed 14784K, reserved 1048576K
}
Event: 26.284 GC heap after
{Heap after GC invocations=34 (full 0):
 garbage-first heap   total 159744K, used 101364K [0x0000000080000000, 0x0000000100000000)
  region size 1024K, 6 young (6144K), 6 survivors (6144K)
 Metaspace       used 104565K, committed 105408K, reserved 1179648K
  class space    used 14355K, committed 14784K, reserved 1048576K
}
Event: 26.573 GC heap before
{Heap before GC invocations=34 (full 0):
 garbage-first heap   total 159744K, used 132084K [0x0000000080000000, 0x0000000100000000)
  region size 1024K, 36 young (36864K), 6 survivors (6144K)
 Metaspace       used 104640K, committed 105472K, reserved 1179648K
  class space    used 14355K, committed 14784K, reserved 1048576K
}
Event: 26.579 GC heap after
{Heap after GC invocations=35 (full 0):
 garbage-first heap   total 159744K, used 103076K [0x0000000080000000, 0x0000000100000000)
  region size 1024K, 4 young (4096K), 4 survivors (4096K)
 Metaspace       used 104640K, committed 105472K, reserved 1179648K
  class space    used 14355K, committed 14784K, reserved 1048576K
}

