# JRE version: OpenJDK Runtime Environment (17.0.9) (build 17.0.9+0--11185874)
# Java VM: OpenJDK 64-Bit Server VM (17.0.9+0--11185874, mixed mode, tiered, compressed oops, compressed class ptrs, g1 gc, windows-amd64)
GC Precious Log:
 CPUs: 16 total, 16 available
 Memory: 7563M
 Large Page Support: Disabled
 NUMA Support: Disabled
 Compressed Oops: Enabled (32-bit)
 Heap Region Size: 1M
 Heap Min Capacity: 8M
 Heap Initial Capacity: 120M
 Heap Max Capacity: 2G
 Pre-touch: Disabled
 Parallel Workers: 13
 Concurrent Workers: 3
 Concurrent Refinement Workers: 13
 Periodic GC: Disabled
Heap:
 garbage-first heap   total 165888K, used 111022K [0x0000000080000000, 0x0000000100000000)
  region size 1024K, 3 young (3072K), 3 survivors (3072K)
 Metaspace       used 107531K, committed 108288K, reserved 1179648K
  class space    used 14737K, committed 15104K, reserved 1048576K
GC Heap History (20 events):
Event: 27.015 GC heap after
{Heap after GC invocations=38 (full 0):
 garbage-first heap   total 146432K, used 88226K [0x0000000080000000, 0x0000000100000000)
  region size 1024K, 4 young (4096K), 4 survivors (4096K)
 Metaspace       used 91633K, committed 92352K, reserved 1179648K
  class space    used 12575K, committed 12928K, reserved 1048576K
}
Event: 27.759 GC heap before
{Heap before GC invocations=38 (full 0):
 garbage-first heap   total 146432K, used 123042K [0x0000000080000000, 0x0000000100000000)
  region size 1024K, 38 young (38912K), 4 survivors (4096K)
 Metaspace       used 94383K, committed 95104K, reserved 1179648K
  class space    used 12954K, committed 13312K, reserved 1048576K
}
Event: 27.765 GC heap after
{Heap after GC invocations=39 (full 0):
 garbage-first heap   total 146432K, used 90598K [0x0000000080000000, 0x0000000100000000)
  region size 1024K, 4 young (4096K), 4 survivors (4096K)
 Metaspace       used 94383K, committed 95104K, reserved 1179648K
  class space    used 12954K, committed 13312K, reserved 1048576K
}
Event: 28.428 GC heap before
{Heap before GC invocations=39 (full 0):
 garbage-first heap   total 146432K, used 123366K [0x0000000080000000, 0x0000000100000000)
  region size 1024K, 36 young (36864K), 4 survivors (4096K)
 Metaspace       used 96957K, committed 97664K, reserved 1179648K
  class space    used 13375K, committed 13696K, reserved 1048576K
}
Event: 28.434 GC heap after
{Heap after GC invocations=40 (full 0):
 garbage-first heap   total 146432K, used 91794K [0x0000000080000000, 0x0000000100000000)
  region size 1024K, 4 young (4096K), 4 survivors (4096K)
 Metaspace       used 96957K, committed 97664K, reserved 1179648K
  class space    used 13375K, committed 13696K, reserved 1048576K
}
Event: 29.124 GC heap before
{Heap before GC invocations=40 (full 0):
 garbage-first heap   total 146432K, used 123538K [0x0000000080000000, 0x0000000100000000)
  region size 1024K, 35 young (35840K), 4 survivors (4096K)
 Metaspace       used 99850K, committed 100608K, reserved 1179648K
  class space    used 13720K, committed 14144K, reserved 1048576K
}
Event: 29.129 GC heap after
{Heap after GC invocations=41 (full 0):
 garbage-first heap   total 146432K, used 94118K [0x0000000080000000, 0x0000000100000000)
  region size 1024K, 4 young (4096K), 4 survivors (4096K)
 Metaspace       used 99850K, committed 100608K, reserved 1179648K
  class space    used 13720K, committed 14144K, reserved 1048576K
}
Event: 29.231 GC heap before
{Heap before GC invocations=41 (full 0):
 garbage-first heap   total 146432K, used 101286K [0x0000000080000000, 0x0000000100000000)
  region size 1024K, 12 young (12288K), 4 survivors (4096K)
 Metaspace       used 100197K, committed 100928K, reserved 1179648K
  class space    used 13769K, committed 14144K, reserved 1048576K
}
Event: 29.236 GC heap after
{Heap after GC invocations=42 (full 0):
 garbage-first heap   total 146432K, used 94837K [0x0000000080000000, 0x0000000100000000)
  region size 1024K, 3 young (3072K), 3 survivors (3072K)
 Metaspace       used 100197K, committed 100928K, reserved 1179648K
  class space    used 13769K, committed 14144K, reserved 1048576K
}
Event: 29.705 GC heap before
{Heap before GC invocations=43 (full 0):
 garbage-first heap   total 165888K, used 121461K [0x0000000080000000, 0x0000000100000000)
  region size 1024K, 30 young (30720K), 3 survivors (3072K)
 Metaspace       used 101737K, committed 102528K, reserved 1179648K
  class space    used 13963K, committed 14336K, reserved 1048576K
}
Event: 29.716 GC heap after
{Heap after GC invocations=44 (full 0):
 garbage-first heap   total 165888K, used 98052K [0x0000000080000000, 0x0000000100000000)
  region size 1024K, 4 young (4096K), 4 survivors (4096K)
 Metaspace       used 101737K, committed 102528K, reserved 1179648K
  class space    used 13963K, committed 14336K, reserved 1048576K
}
Event: 29.750 GC heap before
{Heap before GC invocations=44 (full 0):
 garbage-first heap   total 165888K, used 102148K [0x0000000080000000, 0x0000000100000000)
  region size 1024K, 8 young (8192K), 4 survivors (4096K)
 Metaspace       used 101831K, committed 102656K, reserved 1179648K
  class space    used 13971K, committed 14400K, reserved 1048576K
}
Event: 29.756 GC heap after
{Heap after GC invocations=45 (full 0):
 garbage-first heap   total 165888K, used 98416K [0x0000000080000000, 0x0000000100000000)
  region size 1024K, 1 young (1024K), 1 survivors (1024K)
 Metaspace       used 101831K, committed 102656K, reserved 1179648K
  class space    used 13971K, committed 14400K, reserved 1048576K
}
Event: 30.518 GC heap before
{Heap before GC invocations=45 (full 0):
 garbage-first heap   total 165888K, used 140400K [0x0000000080000000, 0x0000000100000000)
  region size 1024K, 38 young (38912K), 1 survivors (1024K)
 Metaspace       used 104914K, committed 105728K, reserved 1179648K
  class space    used 14429K, committed 14848K, reserved 1048576K
}
Event: 30.526 GC heap after
{Heap after GC invocations=46 (full 0):
 garbage-first heap   total 165888K, used 103146K [0x0000000080000000, 0x0000000100000000)
  region size 1024K, 5 young (5120K), 5 survivors (5120K)
 Metaspace       used 104914K, committed 105728K, reserved 1179648K
  class space    used 14429K, committed 14848K, reserved 1048576K
}
Event: 30.677 GC heap before
{Heap before GC invocations=46 (full 0):
 garbage-first heap   total 165888K, used 136938K [0x0000000080000000, 0x0000000100000000)
  region size 1024K, 39 young (39936K), 5 survivors (5120K)
 Metaspace       used 105170K, committed 106048K, reserved 1179648K
  class space    used 14482K, committed 14912K, reserved 1048576K
}
Event: 30.682 GC heap after
{Heap after GC invocations=47 (full 0):
 garbage-first heap   total 165888K, used 106516K [0x0000000080000000, 0x0000000100000000)
  region size 1024K, 4 young (4096K), 4 survivors (4096K)
 Metaspace       used 105170K, committed 106048K, reserved 1179648K
  class space    used 14482K, committed 14912K, reserved 1048576K
}
Event: 30.959 GC heap before
{Heap before GC invocations=47 (full 0):
 garbage-first heap   total 165888K, used 137236K [0x0000000080000000, 0x0000000100000000)
  region size 1024K, 34 young (34816K), 4 survivors (4096K)
 Metaspace       used 105414K, committed 106240K, reserved 1179648K
  class space    used 14501K, committed 14912K, reserved 1048576K
}
Event: 30.963 GC heap after
{Heap after GC invocations=48 (full 0):
 garbage-first heap   total 165888K, used 108881K [0x0000000080000000, 0x0000000100000000)
  region size 1024K, 5 young (5120K), 5 survivors (5120K)
 Metaspace       used 105414K, committed 106240K, reserved 1179648K
  class space    used 14501K, committed 14912K, reserved 1048576K
}
Event: 31.744 GC heap before
{Heap before GC invocations=48 (full 0):
 garbage-first heap   total 165888K, used 136529K [0x0000000080000000, 0x0000000100000000)
  region size 1024K, 33 young (33792K), 5 survivors (5120K)
 Metaspace       used 107531K, committed 108288K, reserved 1179648K
  class space    used 14737K, committed 15104K, reserved 1048576K
}

