# JRE version: OpenJDK Runtime Environment (17.0.9) (build 17.0.9+0--11185874)
# Java VM: OpenJDK 64-Bit Server VM (17.0.9+0--11185874, mixed mode, tiered, compressed oops, compressed class ptrs, g1 gc, windows-amd64)
GC Precious Log:
 CPUs: 16 total, 16 available
 Memory: 7563M
 Large Page Support: Disabled
 NUMA Support: Disabled
 Compressed Oops: Enabled (32-bit)
 Heap Region Size: 1M
 Heap Min Capacity: 8M
 Heap Initial Capacity: 120M
 Heap Max Capacity: 2G
 Pre-touch: Disabled
 Parallel Workers: 13
 Concurrent Workers: 3
 Concurrent Refinement Workers: 13
 Periodic GC: Disabled
Heap:
 garbage-first heap   total 193536K, used 139237K [0x0000000080000000, 0x0000000100000000)
  region size 1024K, 4 young (4096K), 4 survivors (4096K)
 Metaspace       used 113297K, committed 114112K, reserved 1179648K
  class space    used 15287K, committed 15680K, reserved 1048576K
GC Heap History (20 events):
Event: 51.395 GC heap after
{Heap after GC invocations=39 (full 0):
 garbage-first heap   total 175104K, used 97353K [0x0000000080000000, 0x0000000100000000)
  region size 1024K, 7 young (7168K), 7 survivors (7168K)
 Metaspace       used 101421K, committed 102144K, reserved 1179648K
  class space    used 13601K, committed 13952K, reserved 1048576K
}
Event: 51.430 GC heap before
{Heap before GC invocations=39 (full 0):
 garbage-first heap   total 175104K, used 98377K [0x0000000080000000, 0x0000000100000000)
  region size 1024K, 8 young (8192K), 7 survivors (7168K)
 Metaspace       used 101450K, committed 102208K, reserved 1179648K
  class space    used 13603K, committed 13952K, reserved 1048576K
}
Event: 51.435 GC heap after
{Heap after GC invocations=40 (full 0):
 garbage-first heap   total 175104K, used 96712K [0x0000000080000000, 0x0000000100000000)
  region size 1024K, 1 young (1024K), 1 survivors (1024K)
 Metaspace       used 101450K, committed 102208K, reserved 1179648K
  class space    used 13603K, committed 13952K, reserved 1048576K
}
Event: 52.583 GC heap before
{Heap before GC invocations=40 (full 0):
 garbage-first heap   total 175104K, used 145864K [0x0000000080000000, 0x0000000100000000)
  region size 1024K, 49 young (50176K), 1 survivors (1024K)
 Metaspace       used 104508K, committed 105344K, reserved 1179648K
  class space    used 14050K, committed 14464K, reserved 1048576K
}
Event: 52.588 GC heap after
{Heap after GC invocations=41 (full 0):
 garbage-first heap   total 175104K, used 99426K [0x0000000080000000, 0x0000000100000000)
  region size 1024K, 4 young (4096K), 4 survivors (4096K)
 Metaspace       used 104508K, committed 105344K, reserved 1179648K
  class space    used 14050K, committed 14464K, reserved 1048576K
}
Event: 53.893 GC heap before
{Heap before GC invocations=42 (full 0):
 garbage-first heap   total 178176K, used 145506K [0x0000000080000000, 0x0000000100000000)
  region size 1024K, 49 young (50176K), 4 survivors (4096K)
 Metaspace       used 108373K, committed 109184K, reserved 1179648K
  class space    used 14588K, committed 14976K, reserved 1048576K
}
Event: 53.898 GC heap after
{Heap after GC invocations=43 (full 0):
 garbage-first heap   total 178176K, used 102200K [0x0000000080000000, 0x0000000100000000)
  region size 1024K, 7 young (7168K), 7 survivors (7168K)
 Metaspace       used 108373K, committed 109184K, reserved 1179648K
  class space    used 14588K, committed 14976K, reserved 1048576K
}
Event: 53.918 GC heap before
{Heap before GC invocations=43 (full 0):
 garbage-first heap   total 178176K, used 103224K [0x0000000080000000, 0x0000000100000000)
  region size 1024K, 8 young (8192K), 7 survivors (7168K)
 Metaspace       used 108421K, committed 109248K, reserved 1179648K
  class space    used 14592K, committed 14976K, reserved 1048576K
}
Event: 53.925 GC heap after
{Heap after GC invocations=44 (full 0):
 garbage-first heap   total 178176K, used 100984K [0x0000000080000000, 0x0000000100000000)
  region size 1024K, 1 young (1024K), 1 survivors (1024K)
 Metaspace       used 108421K, committed 109248K, reserved 1179648K
  class space    used 14592K, committed 14976K, reserved 1048576K
}
Event: 54.947 GC heap before
{Heap before GC invocations=44 (full 0):
 garbage-first heap   total 178176K, used 149112K [0x0000000080000000, 0x0000000100000000)
  region size 1024K, 48 young (49152K), 1 survivors (1024K)
 Metaspace       used 110429K, committed 111168K, reserved 1179648K
  class space    used 14993K, committed 15360K, reserved 1048576K
}
Event: 54.955 GC heap after
{Heap after GC invocations=45 (full 0):
 garbage-first heap   total 178176K, used 107347K [0x0000000080000000, 0x0000000100000000)
  region size 1024K, 6 young (6144K), 6 survivors (6144K)
 Metaspace       used 110429K, committed 111168K, reserved 1179648K
  class space    used 14993K, committed 15360K, reserved 1048576K
}
Event: 55.252 GC heap before
{Heap before GC invocations=45 (full 0):
 garbage-first heap   total 178176K, used 147283K [0x0000000080000000, 0x0000000100000000)
  region size 1024K, 46 young (47104K), 6 survivors (6144K)
 Metaspace       used 110513K, committed 111360K, reserved 1179648K
  class space    used 14993K, committed 15360K, reserved 1048576K
}
Event: 55.267 GC heap after
{Heap after GC invocations=46 (full 0):
 garbage-first heap   total 178176K, used 109594K [0x0000000080000000, 0x0000000100000000)
  region size 1024K, 4 young (4096K), 4 survivors (4096K)
 Metaspace       used 110513K, committed 111360K, reserved 1179648K
  class space    used 14993K, committed 15360K, reserved 1048576K
}
Event: 56.099 GC heap before
{Heap before GC invocations=46 (full 0):
 garbage-first heap   total 178176K, used 146458K [0x0000000080000000, 0x0000000100000000)
  region size 1024K, 41 young (41984K), 4 survivors (4096K)
 Metaspace       used 112607K, committed 113472K, reserved 1179648K
  class space    used 15263K, committed 15680K, reserved 1048576K
}
Event: 56.105 GC heap after
{Heap after GC invocations=47 (full 0):
 garbage-first heap   total 178176K, used 112426K [0x0000000080000000, 0x0000000100000000)
  region size 1024K, 6 young (6144K), 6 survivors (6144K)
 Metaspace       used 112607K, committed 113472K, reserved 1179648K
  class space    used 15263K, committed 15680K, reserved 1048576K
}
Event: 57.139 GC heap before
{Heap before GC invocations=48 (full 0):
 garbage-first heap   total 193536K, used 153386K [0x0000000080000000, 0x0000000100000000)
  region size 1024K, 38 young (38912K), 6 survivors (6144K)
 Metaspace       used 112991K, committed 113792K, reserved 1179648K
  class space    used 15256K, committed 15680K, reserved 1048576K
}
Event: 57.149 GC heap after
{Heap after GC invocations=49 (full 0):
 garbage-first heap   total 193536K, used 127951K [0x0000000080000000, 0x0000000100000000)
  region size 1024K, 5 young (5120K), 5 survivors (5120K)
 Metaspace       used 112991K, committed 113792K, reserved 1179648K
  class space    used 15256K, committed 15680K, reserved 1048576K
}
Event: 57.201 GC heap before
{Heap before GC invocations=49 (full 0):
 garbage-first heap   total 193536K, used 131023K [0x0000000080000000, 0x0000000100000000)
  region size 1024K, 9 young (9216K), 5 survivors (5120K)
 Metaspace       used 112994K, committed 113792K, reserved 1179648K
  class space    used 15256K, committed 15680K, reserved 1048576K
}
Event: 57.208 GC heap after
{Heap after GC invocations=50 (full 0):
 garbage-first heap   total 193536K, used 128280K [0x0000000080000000, 0x0000000100000000)
  region size 1024K, 2 young (2048K), 2 survivors (2048K)
 Metaspace       used 112994K, committed 113792K, reserved 1179648K
  class space    used 15256K, committed 15680K, reserved 1048576K
}
Event: 57.708 GC heap before
{Heap before GC invocations=50 (full 0):
 garbage-first heap   total 193536K, used 153880K [0x0000000080000000, 0x0000000100000000)
  region size 1024K, 28 young (28672K), 2 survivors (2048K)
 Metaspace       used 113297K, committed 114112K, reserved 1179648K
  class space    used 15287K, committed 15680K, reserved 1048576K
}

