# JRE version: OpenJDK Runtime Environment (17.0.9) (build 17.0.9+0--11185874)
# Java VM: OpenJDK 64-Bit Server VM (17.0.9+0--11185874, mixed mode, tiered, compressed oops, compressed class ptrs, g1 gc, windows-amd64)
GC Precious Log:
 CPUs: 16 total, 16 available
 Memory: 7563M
 Large Page Support: Disabled
 NUMA Support: Disabled
 Compressed Oops: Enabled (32-bit)
 Heap Region Size: 1M
 Heap Min Capacity: 8M
 Heap Initial Capacity: 120M
 Heap Max Capacity: 2G
 Pre-touch: Disabled
 Parallel Workers: 13
 Concurrent Workers: 3
 Concurrent Refinement Workers: 13
 Periodic GC: Disabled
Heap:
 garbage-first heap   total 163840K, used 110334K [0x0000000080000000, 0x0000000100000000)
  region size 1024K, 8 young (8192K), 5 survivors (5120K)
 Metaspace       used 105173K, committed 106048K, reserved 1179648K
  class space    used 14458K, committed 14912K, reserved 1048576K
GC Heap History (20 events):
Event: 25.137 GC heap before
{Heap before GC invocations=41 (full 0):
 garbage-first heap   total 162816K, used 127616K [0x0000000080000000, 0x0000000100000000)
  region size 1024K, 45 young (46080K), 3 survivors (3072K)
 Metaspace       used 85931K, committed 86528K, reserved 1179648K
  class space    used 11645K, committed 11968K, reserved 1048576K
}
Event: 25.140 GC heap after
{Heap after GC invocations=42 (full 0):
 garbage-first heap   total 162816K, used 84945K [0x0000000080000000, 0x0000000100000000)
  region size 1024K, 4 young (4096K), 4 survivors (4096K)
 Metaspace       used 85931K, committed 86528K, reserved 1179648K
  class space    used 11645K, committed 11968K, reserved 1048576K
}
Event: 26.088 GC heap before
{Heap before GC invocations=42 (full 0):
 garbage-first heap   total 162816K, used 128977K [0x0000000080000000, 0x0000000100000000)
  region size 1024K, 47 young (48128K), 4 survivors (4096K)
 Metaspace       used 89117K, committed 89856K, reserved 1179648K
  class space    used 12195K, committed 12544K, reserved 1048576K
}
Event: 26.094 GC heap after
{Heap after GC invocations=43 (full 0):
 garbage-first heap   total 162816K, used 86679K [0x0000000080000000, 0x0000000100000000)
  region size 1024K, 4 young (4096K), 4 survivors (4096K)
 Metaspace       used 89117K, committed 89856K, reserved 1179648K
  class space    used 12195K, committed 12544K, reserved 1048576K
}
Event: 27.116 GC heap before
{Heap before GC invocations=43 (full 0):
 garbage-first heap   total 162816K, used 131735K [0x0000000080000000, 0x0000000100000000)
  region size 1024K, 48 young (49152K), 4 survivors (4096K)
 Metaspace       used 92684K, committed 93376K, reserved 1179648K
  class space    used 12717K, committed 13056K, reserved 1048576K
}
Event: 27.122 GC heap after
{Heap after GC invocations=44 (full 0):
 garbage-first heap   total 162816K, used 89212K [0x0000000080000000, 0x0000000100000000)
  region size 1024K, 5 young (5120K), 5 survivors (5120K)
 Metaspace       used 92684K, committed 93376K, reserved 1179648K
  class space    used 12717K, committed 13056K, reserved 1048576K
}
Event: 27.957 GC heap before
{Heap before GC invocations=44 (full 0):
 garbage-first heap   total 162816K, used 133244K [0x0000000080000000, 0x0000000100000000)
  region size 1024K, 48 young (49152K), 5 survivors (5120K)
 Metaspace       used 95886K, committed 96576K, reserved 1179648K
  class space    used 13215K, committed 13568K, reserved 1048576K
}
Event: 27.964 GC heap after
{Heap after GC invocations=45 (full 0):
 garbage-first heap   total 162816K, used 91269K [0x0000000080000000, 0x0000000100000000)
  region size 1024K, 5 young (5120K), 5 survivors (5120K)
 Metaspace       used 95886K, committed 96576K, reserved 1179648K
  class space    used 13215K, committed 13568K, reserved 1048576K
}
Event: 28.901 GC heap before
{Heap before GC invocations=45 (full 0):
 garbage-first heap   total 162816K, used 135301K [0x0000000080000000, 0x0000000100000000)
  region size 1024K, 48 young (49152K), 5 survivors (5120K)
 Metaspace       used 99642K, committed 100416K, reserved 1179648K
  class space    used 13703K, committed 14080K, reserved 1048576K
}
Event: 28.909 GC heap after
{Heap after GC invocations=46 (full 0):
 garbage-first heap   total 162816K, used 94267K [0x0000000080000000, 0x0000000100000000)
  region size 1024K, 6 young (6144K), 6 survivors (6144K)
 Metaspace       used 99642K, committed 100416K, reserved 1179648K
  class space    used 13703K, committed 14080K, reserved 1048576K
}
Event: 29.589 GC heap before
{Heap before GC invocations=47 (full 0):
 garbage-first heap   total 163840K, used 140347K [0x0000000080000000, 0x0000000100000000)
  region size 1024K, 47 young (48128K), 6 survivors (6144K)
 Metaspace       used 102686K, committed 103424K, reserved 1179648K
  class space    used 14010K, committed 14400K, reserved 1048576K
}
Event: 29.599 GC heap after
{Heap after GC invocations=48 (full 0):
 garbage-first heap   total 163840K, used 98425K [0x0000000080000000, 0x0000000100000000)
  region size 1024K, 6 young (6144K), 6 survivors (6144K)
 Metaspace       used 102686K, committed 103424K, reserved 1179648K
  class space    used 14010K, committed 14400K, reserved 1048576K
}
Event: 29.649 GC heap before
{Heap before GC invocations=48 (full 0):
 garbage-first heap   total 163840K, used 100473K [0x0000000080000000, 0x0000000100000000)
  region size 1024K, 8 young (8192K), 6 survivors (6144K)
 Metaspace       used 102932K, committed 103680K, reserved 1179648K
  class space    used 14058K, committed 14464K, reserved 1048576K
}
Event: 29.655 GC heap after
{Heap after GC invocations=49 (full 0):
 garbage-first heap   total 163840K, used 98294K [0x0000000080000000, 0x0000000100000000)
  region size 1024K, 1 young (1024K), 1 survivors (1024K)
 Metaspace       used 102932K, committed 103680K, reserved 1179648K
  class space    used 14058K, committed 14464K, reserved 1048576K
}
Event: 30.240 GC heap before
{Heap before GC invocations=49 (full 0):
 garbage-first heap   total 163840K, used 136182K [0x0000000080000000, 0x0000000100000000)
  region size 1024K, 39 young (39936K), 1 survivors (1024K)
 Metaspace       used 104695K, committed 105536K, reserved 1179648K
  class space    used 14416K, committed 14848K, reserved 1048576K
}
Event: 30.245 GC heap after
{Heap after GC invocations=50 (full 0):
 garbage-first heap   total 163840K, used 103680K [0x0000000080000000, 0x0000000100000000)
  region size 1024K, 5 young (5120K), 5 survivors (5120K)
 Metaspace       used 104695K, committed 105536K, reserved 1179648K
  class space    used 14416K, committed 14848K, reserved 1048576K
}
Event: 30.397 GC heap before
{Heap before GC invocations=50 (full 0):
 garbage-first heap   total 163840K, used 134400K [0x0000000080000000, 0x0000000100000000)
  region size 1024K, 36 young (36864K), 5 survivors (5120K)
 Metaspace       used 104763K, committed 105600K, reserved 1179648K
  class space    used 14416K, committed 14848K, reserved 1048576K
}
Event: 30.402 GC heap after
{Heap after GC invocations=51 (full 0):
 garbage-first heap   total 163840K, used 105946K [0x0000000080000000, 0x0000000100000000)
  region size 1024K, 4 young (4096K), 4 survivors (4096K)
 Metaspace       used 104763K, committed 105600K, reserved 1179648K
  class space    used 14416K, committed 14848K, reserved 1048576K
}
Event: 30.881 GC heap before
{Heap before GC invocations=51 (full 0):
 garbage-first heap   total 163840K, used 134618K [0x0000000080000000, 0x0000000100000000)
  region size 1024K, 33 young (33792K), 4 survivors (4096K)
 Metaspace       used 105191K, committed 106048K, reserved 1179648K
  class space    used 14465K, committed 14912K, reserved 1048576K
}
Event: 30.885 GC heap after
{Heap after GC invocations=52 (full 0):
 garbage-first heap   total 163840K, used 108286K [0x0000000080000000, 0x0000000100000000)
  region size 1024K, 5 young (5120K), 5 survivors (5120K)
 Metaspace       used 105191K, committed 106048K, reserved 1179648K
  class space    used 14465K, committed 14912K, reserved 1048576K
}

